{"/Users/austinchalkright/Apprenticeship Work/Week 1 Bootcamp/SumOf/SumOf.js": {"path":"/Users/austinchalkright/Apprenticeship Work/Week 1 Bootcamp/SumOf/SumOf.js","statementMap":{"0":{"start":{"line":2,"column":18},"end":{"line":2,"column":38}},"1":{"start":{"line":6,"column":4},"end":{"line":10,"column":5}},"2":{"start":{"line":7,"column":8},"end":{"line":7,"column":18}},"3":{"start":{"line":9,"column":8},"end":{"line":9,"column":26}},"4":{"start":{"line":19,"column":0},"end":{"line":19,"column":24}}},"fnMap":{"0":{"name":"(anonymous_0)","decl":{"start":{"line":5,"column":0},"end":{"line":5,"column":1}},"loc":{"start":{"line":5,"column":11},"end":{"line":11,"column":1}},"line":5}},"branchMap":{"0":{"loc":{"start":{"line":6,"column":4},"end":{"line":10,"column":5}},"type":"if","locations":[{"start":{"line":6,"column":4},"end":{"line":10,"column":5}},{"start":{"line":8,"column":11},"end":{"line":10,"column":5}}],"line":6},"1":{"loc":{"start":{"line":6,"column":7},"end":{"line":6,"column":35}},"type":"binary-expr","locations":[{"start":{"line":6,"column":7},"end":{"line":6,"column":19}},{"start":{"line":6,"column":23},"end":{"line":6,"column":35}}],"line":6}},"s":{"0":1,"1":5,"2":2,"3":3,"4":1},"f":{"0":5},"b":{"0":[2,3],"1":[5,2]},"_coverageSchema":"1a1c01bbd47fc00a2c39e90264f33305004495a9","hash":"22b68eeb3137a3341658b58770eff9fea89fbd0e"}
}
